[INFO] Scanning for projects...
[INFO] 
[INFO] --------------< com.autismsupport:autism-support-backend >--------------
[INFO] Building autism-support-backend 1.0.0
[INFO]   from pom.xml
[INFO] --------------------------------[ jar ]---------------------------------
[INFO] 
[INFO] >>> spring-boot:3.1.0:run (default-cli) > test-compile @ autism-support-backend >>>
[INFO] 
[INFO] --- resources:3.3.1:resources (default-resources) @ autism-support-backend ---
[INFO] Copying 1 resource from src/main/resources to target/classes
[INFO] Copying 0 resource from src/main/resources to target/classes
[INFO] 
[INFO] --- compiler:3.11.0:compile (default-compile) @ autism-support-backend ---
[INFO] Nothing to compile - all classes are up to date
[INFO] 
[INFO] --- resources:3.3.1:testResources (default-testResources) @ autism-support-backend ---
[INFO] skip non existing resourceDirectory /workspaces/jpa.tcc/backend/src/test/resources
[INFO] 
[INFO] --- compiler:3.11.0:testCompile (default-testCompile) @ autism-support-backend ---
[INFO] No sources to compile
[INFO] 
[INFO] <<< spring-boot:3.1.0:run (default-cli) < test-compile @ autism-support-backend <<<
[INFO] 
[INFO] 
[INFO] --- spring-boot:3.1.0:run (default-cli) @ autism-support-backend ---
[INFO] Attaching agents: []

  .   ____          _            __ _ _
 /\\ / ___'_ __ _ _(_)_ __  __ _ \ \ \ \
( ( )\___ | '_ | '_| | '_ \/ _` | \ \ \ \
 \\/  ___)| |_)| | | | | || (_| |  ) ) ) )
  '  |____| .__|_| |_|_| |_\__, | / / / /
 =========|_|==============|___/=/_/_/_/
 :: Spring Boot ::                (v3.1.0)

2025-10-23T00:25:46.347Z  INFO 36854 --- [           main] c.a.AutismSupportApplication             : Starting AutismSupportApplication using Java 21.0.7 with PID 36854 (/workspaces/jpa.tcc/backend/target/classes started by codespace in /workspaces/jpa.tcc/backend)
2025-10-23T00:25:46.352Z  INFO 36854 --- [           main] c.a.AutismSupportApplication             : No active profile set, falling back to 1 default profile: "default"
2025-10-23T00:25:46.906Z  INFO 36854 --- [           main] .s.d.r.c.RepositoryConfigurationDelegate : Bootstrapping Spring Data JPA repositories in DEFAULT mode.
2025-10-23T00:25:46.947Z  INFO 36854 --- [           main] .s.d.r.c.RepositoryConfigurationDelegate : Finished Spring Data repository scanning in 35 ms. Found 1 JPA repository interfaces.
2025-10-23T00:25:47.354Z  INFO 36854 --- [           main] o.s.b.w.embedded.tomcat.TomcatWebServer  : Tomcat initialized with port(s): 8080 (http)
2025-10-23T00:25:47.362Z  INFO 36854 --- [           main] o.apache.catalina.core.StandardService   : Starting service [Tomcat]
2025-10-23T00:25:47.362Z  INFO 36854 --- [           main] o.apache.catalina.core.StandardEngine    : Starting Servlet engine: [Apache Tomcat/10.1.8]
2025-10-23T00:25:47.426Z  INFO 36854 --- [           main] o.a.c.c.C.[Tomcat].[localhost].[/]       : Initializing Spring embedded WebApplicationContext
2025-10-23T00:25:47.428Z  INFO 36854 --- [           main] w.s.c.ServletWebServerApplicationContext : Root WebApplicationContext: initialization completed in 1000 ms
2025-10-23T00:25:47.471Z  INFO 36854 --- [           main] com.zaxxer.hikari.HikariDataSource       : HikariPool-1 - Starting...
2025-10-23T00:25:47.623Z  INFO 36854 --- [           main] com.zaxxer.hikari.pool.HikariPool        : HikariPool-1 - Added connection conn0: url=jdbc:h2:mem:testdb user=SA
2025-10-23T00:25:47.625Z  INFO 36854 --- [           main] com.zaxxer.hikari.HikariDataSource       : HikariPool-1 - Start completed.
2025-10-23T00:25:47.634Z  INFO 36854 --- [           main] o.s.b.a.h2.H2ConsoleAutoConfiguration    : H2 console available at '/h2-console'. Database available at 'jdbc:h2:mem:testdb'
2025-10-23T00:25:47.714Z  INFO 36854 --- [           main] o.hibernate.jpa.internal.util.LogHelper  : HHH000204: Processing PersistenceUnitInfo [name: default]
2025-10-23T00:25:47.747Z  INFO 36854 --- [           main] org.hibernate.Version                    : HHH000412: Hibernate ORM core version 6.2.2.Final
2025-10-23T00:25:47.749Z  INFO 36854 --- [           main] org.hibernate.cfg.Environment            : HHH000406: Using bytecode reflection optimizer
2025-10-23T00:25:47.889Z  INFO 36854 --- [           main] o.h.b.i.BytecodeProviderInitiator        : HHH000021: Bytecode provider name : bytebuddy
2025-10-23T00:25:48.018Z  INFO 36854 --- [           main] o.s.o.j.p.SpringPersistenceUnitInfo      : No LoadTimeWeaver setup: ignoring JPA class transformer
2025-10-23T00:25:48.050Z  INFO 36854 --- [           main] org.hibernate.orm.dialect                : HHH035001: Using dialect: org.hibernate.dialect.H2Dialect, version: 2.1.214
2025-10-23T00:25:48.200Z  INFO 36854 --- [           main] o.h.b.i.BytecodeProviderInitiator        : HHH000021: Bytecode provider name : bytebuddy
2025-10-23T00:25:48.591Z  INFO 36854 --- [           main] o.h.e.t.j.p.i.JtaPlatformInitiator       : HHH000490: Using JtaPlatform implementation: [org.hibernate.engine.transaction.jta.platform.internal.NoJtaPlatform]
2025-10-23T00:25:48.624Z  INFO 36854 --- [           main] o.h.t.s.i.e.GenerationTargetToDatabase   : HHH000476: Executing script '[injected ScriptSourceInputNonExistentImpl script]'
2025-10-23T00:25:48.627Z  INFO 36854 --- [           main] j.LocalContainerEntityManagerFactoryBean : Initialized JPA EntityManagerFactory for persistence unit 'default'
2025-10-23T00:25:48.813Z  WARN 36854 --- [           main] JpaBaseConfiguration$JpaWebConfiguration : spring.jpa.open-in-view is enabled by default. Therefore, database queries may be performed during view rendering. Explicitly configure spring.jpa.open-in-view to disable this warning
2025-10-23T00:25:49.034Z  INFO 36854 --- [           main] o.s.b.w.embedded.tomcat.TomcatWebServer  : Tomcat started on port(s): 8080 (http) with context path ''
2025-10-23T00:25:49.041Z  INFO 36854 --- [           main] c.a.AutismSupportApplication             : Started AutismSupportApplication in 3.009 seconds (process running for 3.277)
2025-10-23T00:26:29.355Z  INFO 36854 --- [nio-8080-exec-1] o.a.c.c.C.[Tomcat].[localhost].[/]       : Initializing Spring DispatcherServlet 'dispatcherServlet'
2025-10-23T00:26:29.355Z  INFO 36854 --- [nio-8080-exec-1] o.s.web.servlet.DispatcherServlet        : Initializing Servlet 'dispatcherServlet'
2025-10-23T00:26:29.356Z  INFO 36854 --- [nio-8080-exec-1] o.s.web.servlet.DispatcherServlet        : Completed initialization in 1 ms
